This is pdfTeX, Version 3.14159265-2.6-1.40.20 (MiKTeX 2.9.7050 64-bit) (preloaded format=pdflatex 2019.5.29)  19 JUN 2019 09:42
entering extended mode
**./introduccionNAT.tex
(introduccionNAT.tex
LaTeX2e <2018-12-01>
("E:\MiKTeX 2.9\tex/latex/base\article.cls"
Document Class: article 2018/09/03 v1.4i Standard LaTeX document class
("E:\MiKTeX 2.9\tex/latex/base\size10.clo"
File: size10.clo 2018/09/03 v1.4i Standard LaTeX file (size option)
)
\c@part=\count80
\c@section=\count81
\c@subsection=\count82
\c@subsubsection=\count83
\c@paragraph=\count84
\c@subparagraph=\count85
\c@figure=\count86
\c@table=\count87
\abovecaptionskip=\skip41
\belowcaptionskip=\skip42
\bibindent=\dimen102
) (introduccionNAT.aux)
\openout1 = `introduccionNAT.aux'.

LaTeX Font Info:    Checking defaults for OML/cmm/m/it on input line 7.
LaTeX Font Info:    ... okay on input line 7.
LaTeX Font Info:    Checking defaults for T1/cmr/m/n on input line 7.
LaTeX Font Info:    ... okay on input line 7.
LaTeX Font Info:    Checking defaults for OT1/cmr/m/n on input line 7.
LaTeX Font Info:    ... okay on input line 7.
LaTeX Font Info:    Checking defaults for OMS/cmsy/m/n on input line 7.
LaTeX Font Info:    ... okay on input line 7.
LaTeX Font Info:    Checking defaults for OMX/cmex/m/n on input line 7.
LaTeX Font Info:    ... okay on input line 7.
LaTeX Font Info:    Checking defaults for U/cmr/m/n on input line 7.
LaTeX Font Info:    ... okay on input line 7.
LaTeX Font Info:    External font `cmex10' loaded for size
(Font)              <12> on input line 11.
LaTeX Font Info:    External font `cmex10' loaded for size
(Font)              <8> on input line 11.
LaTeX Font Info:    External font `cmex10' loaded for size
(Font)              <6> on input line 11.
 [1

{C:/Users/Joaquin/AppData/Local/MiKTeX/2.9/pdftex/config/pdftex.map}] [1]
(introduccionNAT.aux) ) 
Here is how much of TeX's memory you used:
 234 strings out of 492895
 2563 string characters out of 3139969
 62667 words of memory out of 3000000
 4226 multiletter control sequences out of 15000+200000
 7587 words of font info for 27 fonts, out of 3000000 for 9000
 1141 hyphenation exceptions out of 8191
 23i,6n,17p,624b,197s stack positions out of 5000i,500n,10000p,200000b,50000s
<E:/MiKTeX 2.9/fonts/type1/public/amsfonts/cm/cmbx12.pfb
><E:/MiKTeX 2.9/fonts/type1/public/amsfonts/cm/cmr10.pfb><E:/MiKTeX 2.9/fonts/t
ype1/public/amsfonts/cm/cmr12.pfb><E:/MiKTeX 2.9/fonts/type1/public/amsfonts/cm
/cmr17.pfb>
Output written on introduccionNAT.pdf (2 pages, 57576 bytes).
PDF statistics:
 25 PDF objects out of 1000 (max. 8388607)
 0 named destinations out of 1000 (max. 500000)
 1 words of extra memory for PDF output out of 10000 (max. 10000000)

